node:internal/modules/cjs/loader:1383
  const err = new Error(message);
              ^

Error: Cannot find module '../../utils/apiResponseHandler'
Require stack:
- D:\GRADEMASTER\temp\api\submission\submission.controller.ts
- D:\GRADEMASTER\temp\api\router.ts
- D:\GRADEMASTER\temp\index.ts
    at node:internal/modules/cjs/loader:1383:15
    at nextResolveSimple (D:\GRADEMASTER\temp\node_modules\tsx\dist\register-D46fvsV_.cjs:4:1004)
    at D:\GRADEMASTER\temp\node_modules\tsx\dist\register-D46fvsV_.cjs:3:2630
    at D:\GRADEMASTER\temp\node_modules\tsx\dist\register-D46fvsV_.cjs:3:1542
    at resolveTsPaths (D:\GRADEMASTER\temp\node_modules\tsx\dist\register-D46fvsV_.cjs:4:760)
    at D:\GRADEMASTER\temp\node_modules\tsx\dist\register-D46fvsV_.cjs:4:1102
    at m._resolveFilename (file:///D:/GRADEMASTER/temp/node_modules/tsx/dist/register-B7jrtLTO.mjs:1:789)
    at defaultResolveImpl (node:internal/modules/cjs/loader:1025:19)
    at resolveForCJSWithHooks (node:internal/modules/cjs/loader:1030:22)
    at Function._load (node:internal/modules/cjs/loader:1192:37) {
  code: 'MODULE_NOT_FOUND',
  requireStack: [
    'D:\\GRADEMASTER\\temp\\api\\submission\\submission.controller.ts',
    'D:\\GRADEMASTER\\temp\\api\\router.ts',
    'D:\\GRADEMASTER\\temp\\index.ts'
  ]
}

Node.js v22.20.0
